<?xml version="1.0" encoding="UTF-8"?>
<testsuite name="com.codeoftheweb.salvovb.SalvovbApplicationTests" tests="1" skipped="0" failures="0" errors="0" timestamp="2019-12-05T21:35:37" hostname="DESKTOP-CNRL87V" time="0.173">
  <properties/>
  <testcase name="contextLoads" classname="com.codeoftheweb.salvovb.SalvovbApplicationTests" time="0.173"/>
  <system-out><![CDATA[18:35:15.579 [Test worker] DEBUG org.springframework.test.context.junit4.SpringJUnit4ClassRunner - SpringJUnit4ClassRunner constructor called with [class com.codeoftheweb.salvovb.SalvovbApplicationTests]
18:35:15.595 [Test worker] DEBUG org.springframework.test.context.BootstrapUtils - Instantiating CacheAwareContextLoaderDelegate from class [org.springframework.test.context.cache.DefaultCacheAwareContextLoaderDelegate]
18:35:15.610 [Test worker] DEBUG org.springframework.test.context.BootstrapUtils - Instantiating BootstrapContext using constructor [public org.springframework.test.context.support.DefaultBootstrapContext(java.lang.Class,org.springframework.test.context.CacheAwareContextLoaderDelegate)]
18:35:15.641 [Test worker] DEBUG org.springframework.test.context.BootstrapUtils - Instantiating TestContextBootstrapper for test class [com.codeoftheweb.salvovb.SalvovbApplicationTests] from class [org.springframework.boot.test.context.SpringBootTestContextBootstrapper]
18:35:15.673 [Test worker] INFO org.springframework.boot.test.context.SpringBootTestContextBootstrapper - Neither @ContextConfiguration nor @ContextHierarchy found for test class [com.codeoftheweb.salvovb.SalvovbApplicationTests], using SpringBootContextLoader
18:35:15.673 [Test worker] DEBUG org.springframework.test.context.support.AbstractContextLoader - Did not detect default resource location for test class [com.codeoftheweb.salvovb.SalvovbApplicationTests]: class path resource [com/codeoftheweb/salvovb/SalvovbApplicationTests-context.xml] does not exist
18:35:15.673 [Test worker] DEBUG org.springframework.test.context.support.AbstractContextLoader - Did not detect default resource location for test class [com.codeoftheweb.salvovb.SalvovbApplicationTests]: class path resource [com/codeoftheweb/salvovb/SalvovbApplicationTestsContext.groovy] does not exist
18:35:15.688 [Test worker] INFO org.springframework.test.context.support.AbstractContextLoader - Could not detect default resource locations for test class [com.codeoftheweb.salvovb.SalvovbApplicationTests]: no resource found for suffixes {-context.xml, Context.groovy}.
18:35:15.688 [Test worker] INFO org.springframework.test.context.support.AnnotationConfigContextLoaderUtils - Could not detect default configuration classes for test class [com.codeoftheweb.salvovb.SalvovbApplicationTests]: SalvovbApplicationTests does not declare any static, non-private, non-final, nested classes annotated with @Configuration.
18:35:15.766 [Test worker] DEBUG org.springframework.test.context.support.ActiveProfilesUtils - Could not find an 'annotation declaring class' for annotation type [org.springframework.test.context.ActiveProfiles] and class [com.codeoftheweb.salvovb.SalvovbApplicationTests]
18:35:15.876 [Test worker] DEBUG org.springframework.context.annotation.ClassPathScanningCandidateComponentProvider - Identified candidate component class: file [D:\Full Stack\Modulo 4\salvovb\build\classes\java\main\com\codeoftheweb\salvovb\SalvovbApplication.class]
18:35:15.907 [Test worker] INFO org.springframework.boot.test.context.SpringBootTestContextBootstrapper - Found @SpringBootConfiguration com.codeoftheweb.salvovb.SalvovbApplication for test class com.codeoftheweb.salvovb.SalvovbApplicationTests
18:35:16.079 [Test worker] DEBUG org.springframework.boot.test.context.SpringBootTestContextBootstrapper - @TestExecutionListeners is not present for class [com.codeoftheweb.salvovb.SalvovbApplicationTests]: using defaults.
18:35:16.079 [Test worker] INFO org.springframework.boot.test.context.SpringBootTestContextBootstrapper - Loaded default TestExecutionListener class names from location [META-INF/spring.factories]: [org.springframework.boot.test.autoconfigure.restdocs.RestDocsTestExecutionListener, org.springframework.boot.test.autoconfigure.web.client.MockRestServiceServerResetTestExecutionListener, org.springframework.boot.test.autoconfigure.web.servlet.MockMvcPrintOnlyOnFailureTestExecutionListener, org.springframework.boot.test.autoconfigure.web.servlet.WebDriverTestExecutionListener, org.springframework.boot.test.mock.mockito.MockitoTestExecutionListener, org.springframework.boot.test.mock.mockito.ResetMocksTestExecutionListener, org.springframework.test.context.web.ServletTestExecutionListener, org.springframework.test.context.support.DirtiesContextBeforeModesTestExecutionListener, org.springframework.test.context.support.DependencyInjectionTestExecutionListener, org.springframework.test.context.support.DirtiesContextTestExecutionListener, org.springframework.test.context.transaction.TransactionalTestExecutionListener, org.springframework.test.context.jdbc.SqlScriptsTestExecutionListener]
18:35:16.110 [Test worker] INFO org.springframework.boot.test.context.SpringBootTestContextBootstrapper - Using TestExecutionListeners: [org.springframework.test.context.web.ServletTestExecutionListener@4eb7ac4b, org.springframework.test.context.support.DirtiesContextBeforeModesTestExecutionListener@5b9dc59c, org.springframework.boot.test.mock.mockito.MockitoTestExecutionListener@55f470c4, org.springframework.boot.test.autoconfigure.SpringBootDependencyInjectionTestExecutionListener@47352a11, org.springframework.test.context.support.DirtiesContextTestExecutionListener@34130348, org.springframework.test.context.transaction.TransactionalTestExecutionListener@1978173, org.springframework.test.context.jdbc.SqlScriptsTestExecutionListener@7713b3d5, org.springframework.boot.test.autoconfigure.restdocs.RestDocsTestExecutionListener@19987a84, org.springframework.boot.test.autoconfigure.web.client.MockRestServiceServerResetTestExecutionListener@35bd23bc, org.springframework.boot.test.autoconfigure.web.servlet.MockMvcPrintOnlyOnFailureTestExecutionListener@81cb061, org.springframework.boot.test.autoconfigure.web.servlet.WebDriverTestExecutionListener@627b37ac, org.springframework.boot.test.mock.mockito.ResetMocksTestExecutionListener@386d2d3d]
18:35:16.110 [Test worker] DEBUG org.springframework.test.annotation.ProfileValueUtils - Retrieved @ProfileValueSourceConfiguration [null] for test class [com.codeoftheweb.salvovb.SalvovbApplicationTests]
18:35:16.110 [Test worker] DEBUG org.springframework.test.annotation.ProfileValueUtils - Retrieved ProfileValueSource type [class org.springframework.test.annotation.SystemProfileValueSource] for class [com.codeoftheweb.salvovb.SalvovbApplicationTests]
18:35:16.110 [Test worker] DEBUG org.springframework.test.annotation.ProfileValueUtils - Retrieved @ProfileValueSourceConfiguration [null] for test class [com.codeoftheweb.salvovb.SalvovbApplicationTests]
18:35:16.110 [Test worker] DEBUG org.springframework.test.annotation.ProfileValueUtils - Retrieved ProfileValueSource type [class org.springframework.test.annotation.SystemProfileValueSource] for class [com.codeoftheweb.salvovb.SalvovbApplicationTests]
18:35:16.110 [Test worker] DEBUG org.springframework.test.context.support.AbstractDirtiesContextTestExecutionListener - Before test class: context [DefaultTestContext@41eb83bb testClass = SalvovbApplicationTests, testInstance = [null], testMethod = [null], testException = [null], mergedContextConfiguration = [WebMergedContextConfiguration@2ccdc35c testClass = SalvovbApplicationTests, locations = '{}', classes = '{class com.codeoftheweb.salvovb.SalvovbApplication}', contextInitializerClasses = '[]', activeProfiles = '{}', propertySourceLocations = '{}', propertySourceProperties = '{org.springframework.boot.test.context.SpringBootTestContextBootstrapper=true}', contextCustomizers = set[org.springframework.boot.test.autoconfigure.properties.PropertyMappingContextCustomizer@0, org.springframework.boot.test.autoconfigure.web.servlet.WebDriverContextCustomizerFactory$Customizer@30a8b6f1, org.springframework.boot.test.context.filter.ExcludeFilterContextCustomizer@7e1970be, org.springframework.boot.test.json.DuplicateJsonObjectContextCustomizerFactory$DuplicateJsonObjectContextCustomizer@23e0cb31, org.springframework.boot.test.mock.mockito.MockitoContextCustomizer@0, org.springframework.boot.test.web.client.TestRestTemplateContextCustomizer@6a8ea0f7], resourceBasePath = 'src/main/webapp', contextLoader = 'org.springframework.boot.test.context.SpringBootContextLoader', parent = [null]], attributes = map['org.springframework.test.context.web.ServletTestExecutionListener.activateListener' -> true]], class annotated with @DirtiesContext [false] with mode [null].
18:35:16.126 [Test worker] DEBUG org.springframework.test.annotation.ProfileValueUtils - Retrieved @ProfileValueSourceConfiguration [null] for test class [com.codeoftheweb.salvovb.SalvovbApplicationTests]
18:35:16.126 [Test worker] DEBUG org.springframework.test.annotation.ProfileValueUtils - Retrieved ProfileValueSource type [class org.springframework.test.annotation.SystemProfileValueSource] for class [com.codeoftheweb.salvovb.SalvovbApplicationTests]
18:35:16.141 [Test worker] DEBUG org.springframework.test.context.support.TestPropertySourceUtils - Adding inlined properties to environment: {spring.jmx.enabled=false, org.springframework.boot.test.context.SpringBootTestContextBootstrapper=true, server.port=-1}

  .   ____          _            __ _ _
 /\\ / ___'_ __ _ _(_)_ __  __ _ \ \ \ \
( ( )\___ | '_ | '_| | '_ \/ _` | \ \ \ \
 \\/  ___)| |_)| | | | | || (_| |  ) ) ) )
  '  |____| .__|_| |_|_| |_\__, | / / / /
 =========|_|==============|___/=/_/_/_/
 :: Spring Boot ::        (v2.1.8.RELEASE)

2019-12-05 18:35:16.672  INFO 8980 --- [    Test worker] c.c.salvovb.SalvovbApplicationTests      : Starting SalvovbApplicationTests on DESKTOP-CNRL87V with PID 8980 (started by alumno in D:\Full Stack\Modulo 4\salvovb)
2019-12-05 18:35:16.688  INFO 8980 --- [    Test worker] c.c.salvovb.SalvovbApplicationTests      : No active profile set, falling back to default profiles: default
2019-12-05 18:35:18.594  INFO 8980 --- [    Test worker] .s.d.r.c.RepositoryConfigurationDelegate : Bootstrapping Spring Data repositories in DEFAULT mode.
2019-12-05 18:35:18.875  INFO 8980 --- [    Test worker] .s.d.r.c.RepositoryConfigurationDelegate : Finished Spring Data repository scanning in 265ms. Found 6 repository interfaces.
2019-12-05 18:35:19.937  INFO 8980 --- [    Test worker] trationDelegate$BeanPostProcessorChecker : Bean 'org.springframework.transaction.annotation.ProxyTransactionManagementConfiguration' of type [org.springframework.transaction.annotation.ProxyTransactionManagementConfiguration$$EnhancerBySpringCGLIB$$1010e416] is not eligible for getting processed by all BeanPostProcessors (for example: not eligible for auto-proxying)
2019-12-05 18:35:20.000  INFO 8980 --- [    Test worker] trationDelegate$BeanPostProcessorChecker : Bean 'org.springframework.hateoas.config.HateoasConfiguration' of type [org.springframework.hateoas.config.HateoasConfiguration$$EnhancerBySpringCGLIB$$8f913148] is not eligible for getting processed by all BeanPostProcessors (for example: not eligible for auto-proxying)
2019-12-05 18:35:20.594  INFO 8980 --- [    Test worker] com.zaxxer.hikari.HikariDataSource       : HikariPool-1 - Starting...
2019-12-05 18:35:21.160  INFO 8980 --- [    Test worker] com.zaxxer.hikari.HikariDataSource       : HikariPool-1 - Start completed.
2019-12-05 18:35:21.723  INFO 8980 --- [    Test worker] o.hibernate.jpa.internal.util.LogHelper  : HHH000204: Processing PersistenceUnitInfo [
	name: default
	...]
2019-12-05 18:35:22.129  INFO 8980 --- [    Test worker] org.hibernate.Version                    : HHH000412: Hibernate Core {5.3.11.Final}
2019-12-05 18:35:22.129  INFO 8980 --- [    Test worker] org.hibernate.cfg.Environment            : HHH000206: hibernate.properties not found
2019-12-05 18:35:22.816  INFO 8980 --- [    Test worker] o.hibernate.annotations.common.Version   : HCANN000001: Hibernate Commons Annotations {5.0.4.Final}
2019-12-05 18:35:23.566  INFO 8980 --- [    Test worker] org.hibernate.dialect.Dialect            : HHH000400: Using dialect: org.hibernate.dialect.H2Dialect
2019-12-05 18:35:28.690  INFO 8980 --- [    Test worker] o.h.t.schema.internal.SchemaCreatorImpl  : HHH000476: Executing import script 'ScriptSourceInputFromUrl(file:/D:/Full%20Stack/Modulo%204/salvovb/build/resources/main/import.sql)'
2019-12-05 18:35:28.721  INFO 8980 --- [    Test worker] j.LocalContainerEntityManagerFactoryBean : Initialized JPA EntityManagerFactory for persistence unit 'default'
2019-12-05 18:35:32.478  INFO 8980 --- [    Test worker] o.s.s.web.DefaultSecurityFilterChain     : Creating filter chain: any request, [org.springframework.security.web.context.request.async.WebAsyncManagerIntegrationFilter@7150dbf9, org.springframework.security.web.context.SecurityContextPersistenceFilter@67be182a, org.springframework.security.web.header.HeaderWriterFilter@a96819e, org.springframework.security.web.authentication.logout.LogoutFilter@4c9771a2, org.springframework.security.web.authentication.UsernamePasswordAuthenticationFilter@4c9f6b4, org.springframework.security.web.savedrequest.RequestCacheAwareFilter@142a5ae3, org.springframework.security.web.servletapi.SecurityContextHolderAwareRequestFilter@4ad08d16, org.springframework.security.web.authentication.AnonymousAuthenticationFilter@608da25d, org.springframework.security.web.session.SessionManagementFilter@71303114, org.springframework.security.web.access.ExceptionTranslationFilter@379b299f, org.springframework.security.web.access.intercept.FilterSecurityInterceptor@122f3abc]
2019-12-05 18:35:35.206  INFO 8980 --- [    Test worker] o.s.s.concurrent.ThreadPoolTaskExecutor  : Initializing ExecutorService 'applicationTaskExecutor'
2019-12-05 18:35:35.366  WARN 8980 --- [    Test worker] aWebConfiguration$JpaWebMvcConfiguration : spring.jpa.open-in-view is enabled by default. Therefore, database queries may be performed during view rendering. Explicitly configure spring.jpa.open-in-view to disable this warning
2019-12-05 18:35:36.322  INFO 8980 --- [    Test worker] c.c.salvovb.SalvovbApplicationTests      : Started SalvovbApplicationTests in 20.164 seconds (JVM running for 22.267)
]]></system-out>
  <system-err><![CDATA[]]></system-err>
</testsuite>
